  GOL2.cpp
GOL2.obj : error LNK2019: nierozpoznany symbol zewnętrzny "public: __thiscall sf::String::String(char const *,class std::locale const &)" (??0String@sf@@QAE@PBDABVlocale@std@@@Z) przywołany w funkcji _main
GOL2.obj : error LNK2019: nierozpoznany symbol zewnętrzny "public: static class sf::Vector2<int> __cdecl sf::Mouse::getPosition(class sf::WindowBase const &)" (?getPosition@Mouse@sf@@SA?AV?$Vector2@H@2@ABVWindowBase@2@@Z) przywołany w funkcji _main
GOL2.obj : error LNK2019: nierozpoznany symbol zewnętrzny "public: __thiscall sf::VideoMode::VideoMode(unsigned int,unsigned int,unsigned int)" (??0VideoMode@sf@@QAE@III@Z) przywołany w funkcji _main
GOL2.obj : error LNK2019: nierozpoznany symbol zewnętrzny "public: bool __thiscall sf::WindowBase::isOpen(void)const " (?isOpen@WindowBase@sf@@QBE_NXZ) przywołany w funkcji _main
GOL2.obj : error LNK2019: nierozpoznany symbol zewnętrzny "public: bool __thiscall sf::WindowBase::pollEvent(class sf::Event &)" (?pollEvent@WindowBase@sf@@QAE_NAAVEvent@2@@Z) przywołany w funkcji _main
GOL2.obj : error LNK2019: nierozpoznany symbol zewnętrzny "public: virtual void __thiscall sf::Window::close(void)" (?close@Window@sf@@UAEXXZ) przywołany w funkcji _main
GOL2.obj : error LNK2019: nierozpoznany symbol zewnętrzny "public: void __thiscall sf::Window::display(void)" (?display@Window@sf@@QAEXXZ) przywołany w funkcji _main
GOL2.obj : error LNK2019: nierozpoznany symbol zewnętrzny "public: void __thiscall sf::Transformable::setPosition(float,float)" (?setPosition@Transformable@sf@@QAEXMM@Z) przywołany w funkcji _main
GOL2.obj : error LNK2019: nierozpoznany symbol zewnętrzny "public: __thiscall sf::Color::Color(unsigned char,unsigned char,unsigned char,unsigned char)" (??0Color@sf@@QAE@EEEE@Z) przywołany w funkcji _main
GOL2.obj : error LNK2019: nierozpoznany symbol zewnętrzny "public: virtual __thiscall sf::Shape::~Shape(void)" (??1Shape@sf@@UAE@XZ) przywołany w funkcji "public: virtual __thiscall sf::RectangleShape::~RectangleShape(void)" (??1RectangleShape@sf@@UAE@XZ)
GOL2.obj : error LNK2019: nierozpoznany symbol zewnętrzny "public: void __thiscall sf::Shape::setFillColor(class sf::Color const &)" (?setFillColor@Shape@sf@@QAEXABVColor@2@@Z) przywołany w funkcji _main
GOL2.obj : error LNK2019: nierozpoznany symbol zewnętrzny "public: class sf::Rect<float> __thiscall sf::Shape::getGlobalBounds(void)const " (?getGlobalBounds@Shape@sf@@QBE?AV?$Rect@M@2@XZ) przywołany w funkcji _main
GOL2.obj : error LNK2019: nierozpoznany symbol zewnętrzny "public: __thiscall sf::RectangleShape::RectangleShape(class sf::Vector2<float> const &)" (??0RectangleShape@sf@@QAE@ABV?$Vector2@M@1@@Z) przywołany w funkcji _main
GOL2.obj : error LNK2019: nierozpoznany symbol zewnętrzny "public: void __thiscall sf::RenderTarget::clear(class sf::Color const &)" (?clear@RenderTarget@sf@@QAEXABVColor@2@@Z) przywołany w funkcji _main
GOL2.obj : error LNK2019: nierozpoznany symbol zewnętrzny "public: void __thiscall sf::RenderTarget::draw(class sf::Drawable const &,class sf::RenderStates const &)" (?draw@RenderTarget@sf@@QAEXABVDrawable@2@ABVRenderStates@2@@Z) przywołany w funkcji _main
GOL2.obj : error LNK2019: nierozpoznany symbol zewnętrzny "public: __thiscall sf::RenderWindow::RenderWindow(class sf::VideoMode,class sf::String const &,unsigned int,struct sf::ContextSettings const &)" (??0RenderWindow@sf@@QAE@VVideoMode@1@ABVString@1@IABUContextSettings@1@@Z) przywołany w funkcji _main
GOL2.obj : error LNK2019: nierozpoznany symbol zewnętrzny "public: virtual __thiscall sf::RenderWindow::~RenderWindow(void)" (??1RenderWindow@sf@@UAE@XZ) przywołany w funkcji _main
GOL2.obj : error LNK2001: nierozpoznany symbol zewnętrzny "public: static class sf::RenderStates const sf::RenderStates::Default" (?Default@RenderStates@sf@@2V12@B)
GOL2.obj : error LNK2001: nierozpoznany symbol zewnętrzny "public: static class sf::Color const sf::Color::Green" (?Green@Color@sf@@2V12@B)
C:\Users\Martini\Desktop\GOL2\GOL2\lib\sfml-window.lib : warning LNK4272: wystąpił konflikt typu maszyny biblioteki „x64” z typem maszyny docelowej „x86”
C:\Users\Martini\Desktop\GOL2\GOL2\lib\sfml-graphics.lib : warning LNK4272: wystąpił konflikt typu maszyny biblioteki „x64” z typem maszyny docelowej „x86”
C:\Users\Martini\Desktop\GOL2\GOL2\lib\sfml-system.lib : warning LNK4272: wystąpił konflikt typu maszyny biblioteki „x64” z typem maszyny docelowej „x86”
C:\Users\Martini\Desktop\GOL2\GOL2\lib\freetype.lib : warning LNK4272: wystąpił konflikt typu maszyny biblioteki „x64” z typem maszyny docelowej „x86”
C:\Users\Martini\Desktop\GOL2\Debug\GOL2.exe : fatal error LNK1120: liczba nierozpoznanych elementów zewnętrznych: 19
